[athemeart.com/html-demo/cvr/html/index-particle.html]
[backblue.gif]
[fade.gif]
[index.html]
[athemeart.com/html-demo/cvr/html/images/fav-icon/icon.png]
[athemeart.com/html-demo/cvr/html/css/style.css]
[athemeart.com/html-demo/cvr/html/css/color1.css]
[athemeart.com/html-demo/cvr/html/css/responsive.css]
[athemeart.com/html-demo/cvr/html/index.html]
[athemeart.com/html-demo/cvr/html/images/logo/logo1.svg]
[athemeart.com/html-demo/cvr/html/images/home/bg2.jpg]
[athemeart.com/html-demo/cvr/html/images/home/1.jpg]
[athemeart.com/html-demo/cvr/html/images/home/me.jpg]
[athemeart.com/html-demo/cvr/html/images/logo/1.png]
[athemeart.com/html-demo/cvr/html/images/logo/2.png]
[athemeart.com/html-demo/cvr/html/images/logo/3.png]
[athemeart.com/html-demo/cvr/html/images/logo/4.png]
[athemeart.com/html-demo/cvr/html/images/portfolio/1.jpg]
[athemeart.com/html-demo/cvr/html/images/portfolio/2.jpg]
[athemeart.com/html-demo/cvr/html/images/portfolio/3.jpg]
[athemeart.com/html-demo/cvr/html/images/portfolio/4.jpg]
[athemeart.com/html-demo/cvr/html/images/portfolio/6.jpg]
[athemeart.com/html-demo/cvr/html/images/portfolio/5.jpg]
[athemeart.com/html-demo/cvr/html/images/portfolio/8.jpg]
[athemeart.com/html-demo/cvr/html/images/portfolio/7.jpg]
[athemeart.com/html-demo/cvr/html/images/portfolio/9.jpg]
[athemeart.com/html-demo/cvr/html/images/blog/12.jpg]
[athemeart.com/html-demo/cvr/html/blog-details.html]
[athemeart.com/html-demo/cvr/html/images/blog/13.jpg]
[athemeart.com/html-demo/cvr/html/images/blog/14.jpg]
[athemeart.com/html-demo/cvr/html/images/blog/15.jpg]
[athemeart.com/html-demo/cvr/html/images/blog/16.jpg]
[athemeart.com/html-demo/cvr/html/images/blog/17.jpg]
[athemeart.com/html-demo/cvr/html/vendor/jquery.2.2.3.min.js]
[athemeart.com/html-demo/cvr/html/vendor/popper.js/popper.min.js]
[athemeart.com/html-demo/cvr/html/vendor/bootstrap/js/bootstrap.min.js]
[athemeart.com/html-demo/cvr/html/vendor/jQuery.style.switcher.min.js]
[athemeart.com/html-demo/cvr/html/vendor/aos-next/dist/aos.js]
[athemeart.com/html-demo/cvr/html/vendor/owl-carousel/owl.carousel.min.js]
[athemeart.com/html-demo/cvr/html/vendor/jquery.appear.js]
[athemeart.com/html-demo/cvr/html/vendor/jquery.countTo.js]
[athemeart.com/html-demo/cvr/html/vendor/fancybox/dist/jquery.fancybox.min.js]
[athemeart.com/html-demo/cvr/html/vendor/jquery-easing/jquery.easing.min.js]
[athemeart.com/html-demo/cvr/html/vendor/animated-headline-master/main.js]
[athemeart.com/html-demo/cvr/html/vendor/validator.js]
[athemeart.com/html-demo/cvr/html/vendor/isotope.pkgd.min.js]
[athemeart.com/html-demo/cvr/html/vendor/particles.min.js]
[athemeart.com/html-demo/cvr/html/index-particle.html]
[athemeart.com/html-demo/cvr/html/index.html]
[athemeart.com/html-demo/cvr/html/js/theme.js]
[athemeart.com/html-demo/cvr/html/images/blog/7.jpg]
[athemeart.com/html-demo/cvr/html/images/blog/1.jpg]
[athemeart.com/html-demo/cvr/html/images/blog/2.jpg]
[athemeart.com/html-demo/cvr/html/images/blog/3.jpg]
[athemeart.com/html-demo/cvr/html/images/blog/4.jpg]
[athemeart.com/html-demo/cvr/html/images/blog/5.jpg]
[athemeart.com/html-demo/cvr/html/images/blog/6.jpg]
[athemeart.com/html-demo/cvr/html/images/blog/8.jpg]
[athemeart.com/html-demo/cvr/html/blog-details.html]
[athemeart.com/html-demo/cvr/html/images/portfolio/1.jpg]
[athemeart.com/html-demo/cvr/html/images/home/bg2.jpg]
[athemeart.com/html-demo/cvr/html/images/portfolio/2.jpg]
[athemeart.com/html-demo/cvr/html/images/portfolio/3.jpg]
[athemeart.com/html-demo/cvr/html/images/portfolio/4.jpg]
[athemeart.com/html-demo/cvr/html/vendor/bootstrap/css/bootstrap.min.css]
[athemeart.com/html-demo/cvr/html/vendor/jquery.2.2.3.min.js]
[athemeart.com/html-demo/cvr/html/images/blog/12.jpg]
[athemeart.com/html-demo/cvr/html/images/blog/14.jpg]
[athemeart.com/html-demo/cvr/html/vendor/popper.js/popper.min.js]
[athemeart.com/html-demo/cvr/html/fonts/font-awesome/css/font-awesome.min.css]
[athemeart.com/html-demo/cvr/html/vendor/bootstrap/js/bootstrap.min.js]
[athemeart.com/html-demo/cvr/html/vendor/jQuery.style.switcher.min.js]
[athemeart.com/html-demo/cvr/html/vendor/aos-next/dist/aos.js]
[athemeart.com/html-demo/cvr/html/vendor/owl-carousel/owl.carousel.css]
[athemeart.com/html-demo/cvr/html/vendor/jquery.countTo.js]
[athemeart.com/html-demo/cvr/html/vendor/jquery.appear.js]
[athemeart.com/html-demo/cvr/html/vendor/owl-carousel/owl.carousel.min.js]
[athemeart.com/html-demo/cvr/html/vendor/owl-carousel/owl.theme.css]
[athemeart.com/html-demo/cvr/html/vendor/jquery-easing/jquery.easing.min.js]
[athemeart.com/html-demo/cvr/html/vendor/animated-headline-master/main.js]
[athemeart.com/html-demo/cvr/html/vendor/fancybox/dist/jquery.fancybox.min.js]
[athemeart.com/html-demo/cvr/html/vendor/owl-carousel/animate.css]
[athemeart.com/html-demo/cvr/html/vendor/validator.js]
[athemeart.com/html-demo/cvr/html/vendor/isotope.pkgd.min.js]
[athemeart.com/html-demo/cvr/html/vendor/particles.min.js]
[athemeart.com/html-demo/cvr/html/vendor/fancybox/dist/jquery.fancybox.min.css]
[athemeart.com/html-demo/cvr/html/js/theme.js]
[athemeart.com/html-demo/cvr/html/fonts/icon/font/flaticon.css]
[athemeart.com/html-demo/cvr/html/images/blog/7.jpg]
[athemeart.com/html-demo/cvr/html/vendor/animated-headline-master/style.css]
[athemeart.com/html-demo/cvr/html/fonts/font-awesome/fonts/fontawesome-webfont.ttf]
[athemeart.com/html-demo/cvr/html/fonts/font-awesome/fonts/fontawesome-webfont.eot]
[athemeart.com/html-demo/cvr/html/fonts/font-awesome/fonts/fontawesome-webfont.woff2]
[athemeart.com/html-demo/cvr/html/fonts/font-awesome/fonts/fontawesome-webfont.woff]
[athemeart.com/html-demo/cvr/html/fonts/font-awesome/fonts/fontawesome-webfont.woff]
[athemeart.com/html-demo/cvr/html/fonts/font-awesome/fonts/fontawesome-webfont.svg]
[athemeart.com/html-demo/cvr/html/images/home/bg.jpg]
[athemeart.com/html-demo/cvr/html/css/style.css]
[athemeart.com/html-demo/cvr/html/css/color1.css]
[athemeart.com/html-demo/cvr/html/css/responsive.css]
[athemeart.com/html-demo/cvr/html/images/logo/logo1.svg]
[athemeart.com/html-demo/cvr/html/blog-details.html]
[athemeart.com/html-demo/cvr/html/vendor/bootstrap/css/bootstrap.min.css]
[athemeart.com/html-demo/cvr/html/fonts/font-awesome/fonts/fontawesome-webfont3e6e.eot]
[athemeart.com/html-demo/cvr/html/fonts/font-awesome/fonts/fontawesome-webfontd41d.eot]
[athemeart.com/html-demo/cvr/html/fonts/font-awesome/fonts/fontawesome-webfont3e6e.woff2]
[athemeart.com/html-demo/cvr/html/fonts/font-awesome/fonts/fontawesome-webfont3e6e.woff]
[athemeart.com/html-demo/cvr/html/fonts/font-awesome/fonts/fontawesome-webfont3e6e.woff2]
[athemeart.com/html-demo/cvr/html/fonts/font-awesome/fonts/fontawesome-webfont3e6e.ttf]
[athemeart.com/html-demo/cvr/html/fonts/font-awesome/css/font-awesome.min.css]
[athemeart.com/html-demo/cvr/html/fonts/font-awesome/fonts/fontawesome-webfont3e6e.svg]
[athemeart.com/html-demo/cvr/html/vendor/owl-carousel/owl.video.play.4a.delayed]
[athemeart.com/html-demo/cvr/html/vendor/owl-carousel/owl.carousel.css]
[athemeart.com/html-demo/cvr/html/vendor/owl-carousel/owl.theme.css]
[athemeart.com/html-demo/cvr/html/vendor/owl-carousel/animate.css]
[athemeart.com/html-demo/cvr/html/vendor/fancybox/dist/jquery.fancybox.min.css]
[athemeart.com/html-demo/cvr/html/fonts/icon/font/Flaticon.eot]
[athemeart.com/html-demo/cvr/html/fonts/icon/font/Flaticond41d.eot]
[athemeart.com/html-demo/cvr/html/fonts/icon/font/Flaticon.woff2]
[athemeart.com/html-demo/cvr/html/fonts/icon/font/Flaticon.woff]
[athemeart.com/html-demo/cvr/html/fonts/icon/font/Flaticon.ttf]
[athemeart.com/html-demo/cvr/html/fonts/icon/font/flaticon.css]
[athemeart.com/html-demo/cvr/html/vendor/animated-headline-master/style.css]
[athemeart.com/html-demo/cvr/html/fonts/font-awesome/fonts/fontawesome-webfont.svg]
[athemeart.com/html-demo/cvr/html/fonts/font-awesome/fonts/fontawesome-webfont3e6e.svg]
[athemeart.com/html-demo/cvr/html/vendor/owl-carousel/owl.video.play.html]
[athemeart.com/html-demo/cvr/html/fonts/icon/font/Flaticon.svg]
[athemeart.com/html-demo/cvr/html/fonts/icon/font/Flaticon.svg]
